2020-06-07T23:36:49+00:00 CRITICAL require_once(): Failed opening required '/Applications/MAMP/htdocs/verticeindustrial/wp-content/themes/visual-composer-starter/class-wp-bootstrap-navwalker.php' (include_path='.:/Applications/MAMP/bin/php/php7.0.33/lib/php') en /Applications/MAMP/htdocs/verticeindustrial/wp-content/themes/visual-composer-starter-child/functions.php en la línea 128

2020-06-07T23:38:22+00:00 CRITICAL require_once(): Failed opening required '/Applications/MAMP/htdocs/verticeindustrial/wp-content/themes/visual-composer-starter/class-wp-bootstrap-navwalker.php' (include_path='.:/Applications/MAMP/bin/php/php7.0.33/lib/php') en /Applications/MAMP/htdocs/verticeindustrial/wp-content/themes/visual-composer-starter-child/functions.php en la línea 128

2020-06-07T23:39:22+00:00 CRITICAL require_once(): Failed opening required '/Applications/MAMP/htdocs/verticeindustrial/wp-content/themes/visual-composer-starter/class-wp-bootstrap-navwalker.php' (include_path='.:/Applications/MAMP/bin/php/php7.0.33/lib/php') en /Applications/MAMP/htdocs/verticeindustrial/wp-content/themes/visual-composer-starter-child/functions.php en la línea 128

2020-06-07T23:40:13+00:00 CRITICAL require_once(): Failed opening required '/Applications/MAMP/htdocs/verticeindustrial/wp-content/themes/visual-composer-starter/class-wp-bootstrap-navwalker.php' (include_path='.:/Applications/MAMP/bin/php/php7.0.33/lib/php') en /Applications/MAMP/htdocs/verticeindustrial/wp-content/themes/visual-composer-starter-child/functions.php en la línea 128

2020-06-07T23:40:18+00:00 CRITICAL require_once(): Failed opening required '/Applications/MAMP/htdocs/verticeindustrial/wp-content/themes/visual-composer-starter/class-wp-bootstrap-navwalker.php' (include_path='.:/Applications/MAMP/bin/php/php7.0.33/lib/php') en /Applications/MAMP/htdocs/verticeindustrial/wp-content/themes/visual-composer-starter-child/functions.php en la línea 128

2020-06-07T23:40:35+00:00 CRITICAL require_once(): Failed opening required '/Applications/MAMP/htdocs/verticeindustrial/wp-content/themes/visual-composer-starter/class-wp-bootstrap-navwalker.php' (include_path='.:/Applications/MAMP/bin/php/php7.0.33/lib/php') en /Applications/MAMP/htdocs/verticeindustrial/wp-content/themes/visual-composer-starter-child/functions.php en la línea 128

2020-06-07T23:40:38+00:00 CRITICAL require_once(): Failed opening required '/Applications/MAMP/htdocs/verticeindustrial/wp-content/themes/visual-composer-starter/class-wp-bootstrap-navwalker.php' (include_path='.:/Applications/MAMP/bin/php/php7.0.33/lib/php') en /Applications/MAMP/htdocs/verticeindustrial/wp-content/themes/visual-composer-starter-child/functions.php en la línea 128

2020-06-07T23:40:44+00:00 CRITICAL require_once(): Failed opening required '/Applications/MAMP/htdocs/verticeindustrial/wp-content/themes/visual-composer-starter/class-wp-bootstrap-navwalker.php' (include_path='.:/Applications/MAMP/bin/php/php7.0.33/lib/php') en /Applications/MAMP/htdocs/verticeindustrial/wp-content/themes/visual-composer-starter-child/functions.php en la línea 128

2020-06-07T23:41:17+00:00 CRITICAL Uncaught Error: Class 'WP_Bootstrap_Navwalker' not found in /Applications/MAMP/htdocs/verticeindustrial/wp-content/themes/visual-composer-starter-child/header.php:90
Stack trace:
#0 /Applications/MAMP/htdocs/verticeindustrial/wp-includes/template.php(722): require_once()
#1 /Applications/MAMP/htdocs/verticeindustrial/wp-includes/template.php(671): load_template('/Applications/M...', true)
#2 /Applications/MAMP/htdocs/verticeindustrial/wp-includes/general-template.php(41): locate_template(Array, true)
#3 /Applications/MAMP/htdocs/verticeindustrial/wp-content/themes/visual-composer-starter-child/page.php(10): get_header()
#4 /Applications/MAMP/htdocs/verticeindustrial/wp-includes/template-loader.php(78): include('/Applications/M...')
#5 /Applications/MAMP/htdocs/verticeindustrial/wp-blog-header.php(19): require_once('/Applications/M...')
#6 /Applications/MAMP/htdocs/verticeindustrial/index.php(17): require('/Applications/M...')
#7 {main}
  thrown en /Applications/MAMP/htdocs/verticeindustrial/wp-content/themes/visual-composer-starter-child/header.php en la línea 90

2020-06-07T23:42:02+00:00 CRITICAL Uncaught Error: Class 'WP_Bootstrap_Navwalker' not found in /Applications/MAMP/htdocs/verticeindustrial/wp-content/themes/visual-composer-starter-child/header.php:90
Stack trace:
#0 /Applications/MAMP/htdocs/verticeindustrial/wp-includes/template.php(722): require_once()
#1 /Applications/MAMP/htdocs/verticeindustrial/wp-includes/template.php(671): load_template('/Applications/M...', true)
#2 /Applications/MAMP/htdocs/verticeindustrial/wp-includes/general-template.php(41): locate_template(Array, true)
#3 /Applications/MAMP/htdocs/verticeindustrial/wp-content/themes/visual-composer-starter-child/page.php(10): get_header()
#4 /Applications/MAMP/htdocs/verticeindustrial/wp-includes/template-loader.php(78): include('/Applications/M...')
#5 /Applications/MAMP/htdocs/verticeindustrial/wp-blog-header.php(19): require_once('/Applications/M...')
#6 /Applications/MAMP/htdocs/verticeindustrial/index.php(17): require('/Applications/M...')
#7 {main}
  thrown en /Applications/MAMP/htdocs/verticeindustrial/wp-content/themes/visual-composer-starter-child/header.php en la línea 90

2020-06-07T23:43:40+00:00 CRITICAL require_once(): Failed opening required '/Applications/MAMP/htdocs/verticeindustrial/wp-content/themes/visual-composer-starter/class-wp-bootstrap-navwalker.php' (include_path='.:/Applications/MAMP/bin/php/php7.0.33/lib/php') en /Applications/MAMP/htdocs/verticeindustrial/wp-content/themes/visual-composer-starter-child/functions.php en la línea 128

2020-06-07T23:44:29+00:00 CRITICAL Uncaught Error: Call to undefined function WP_Bootstrap_Navwalker() in /Applications/MAMP/htdocs/verticeindustrial/wp-content/themes/visual-composer-starter-child/functions.php:134
Stack trace:
#0 /Applications/MAMP/htdocs/verticeindustrial/wp-includes/class-wp-hook.php(286): prefix_modify_nav_menu_args(Array)
#1 /Applications/MAMP/htdocs/verticeindustrial/wp-includes/plugin.php(208): WP_Hook->apply_filters(Array, Array)
#2 /Applications/MAMP/htdocs/verticeindustrial/wp-includes/nav-menu-template.php(87): apply_filters('wp_nav_menu_arg...', Array)
#3 /Applications/MAMP/htdocs/verticeindustrial/wp-content/themes/visual-composer-starter-child/header.php(90): wp_nav_menu(Array)
#4 /Applications/MAMP/htdocs/verticeindustrial/wp-includes/template.php(722): require_once('/Applications/M...')
#5 /Applications/MAMP/htdocs/verticeindustrial/wp-includes/template.php(671): load_template('/Applications/M...', true)
#6 /Applications/MAMP/htdocs/verticeindustrial/wp-includes/general-template.php(41): locate_template(Array, en /Applications/MAMP/htdocs/verticeindustrial/wp-content/themes/visual-composer-starter-child/functions.php en la línea 134

